CRITICAL - 2024-04-10 11:14:32 --> ParseError: syntax error, unexpected token "}", expecting "," or ";"
in APPPATH/Controllers/Home.php on line 32.
 1 SYSTEMPATH/Autoloader/Autoloader.php(290): CodeIgniter\Autoloader\Autoloader->includeFile()
 2 SYSTEMPATH/Autoloader/Autoloader.php(266): CodeIgniter\Autoloader\Autoloader->loadInNamespace()
 3 [internal function]: CodeIgniter\Autoloader\Autoloader->loadClass()
 4 SYSTEMPATH/CodeIgniter.php(901): class_exists()
 5 SYSTEMPATH/CodeIgniter.php(490): CodeIgniter\CodeIgniter->startController()
 6 SYSTEMPATH/CodeIgniter.php(361): CodeIgniter\CodeIgniter->handleRequest()
 7 FCPATH/index.php(79): CodeIgniter\CodeIgniter->run()
 8 SYSTEMPATH/Commands/Server/rewrite.php(47): require_once('/home/eduardo/sources/codeigniter/meuprojeto05042024/public/index.php')
CRITICAL - 2024-04-10 11:14:58 --> ParseError: syntax error, unexpected token "}", expecting "," or ";"
in APPPATH/Controllers/Home.php on line 32.
 1 SYSTEMPATH/Autoloader/Autoloader.php(290): CodeIgniter\Autoloader\Autoloader->includeFile()
 2 SYSTEMPATH/Autoloader/Autoloader.php(266): CodeIgniter\Autoloader\Autoloader->loadInNamespace()
 3 [internal function]: CodeIgniter\Autoloader\Autoloader->loadClass()
 4 SYSTEMPATH/CodeIgniter.php(901): class_exists()
 5 SYSTEMPATH/CodeIgniter.php(490): CodeIgniter\CodeIgniter->startController()
 6 SYSTEMPATH/CodeIgniter.php(361): CodeIgniter\CodeIgniter->handleRequest()
 7 FCPATH/index.php(79): CodeIgniter\CodeIgniter->run()
 8 SYSTEMPATH/Commands/Server/rewrite.php(47): require_once('/home/eduardo/sources/codeigniter/meuprojeto05042024/public/index.php')
